<<<<<<< HEAD
=======
#At	time	x	process	y	state    		arr	w	total	z	remain	y	wait	k
<<<<<<< HEAD
#At	time	7	process	1	started 		arr	7	total	7	remain	7	wait	0
#At	time	14	process	1	finished		arr	7	total	7	remain	0	wait	0	TA 7	WTA      1.00
#At	time	14	process	2	started 		arr	10	total	10	remain	10	wait	4
#At	time	24	process	2	finished		arr	10	total	10	remain	0	wait	4	TA 14	WTA      1.40
#At	time	24	process	3	started 		arr	11	total	9	remain	9	wait	13
#At	time	33	process	3	finished		arr	11	total	9	remain	0	wait	13	TA 22	WTA      2.44
#At	time	33	process	4	started 		arr	12	total	7	remain	7	wait	21
#At	time	40	process	4	finished		arr	12	total	7	remain	0	wait	21	TA 28	WTA      4.00
=======
#At	time	1	process	1	started 		arr	1	total	5	remain	5	wait	0
#At	time	6	process	1	finished		arr	1	total	5	remain	0	wait	0	TA 5	WTA      1.00
#At	time	6	process	2	started 		arr	3	total	5	remain	5	wait	3
#At	time	11	process	2	finished		arr	3	total	5	remain	0	wait	3	TA 8	WTA      1.60
#At	time	15	process	3	started 		arr	15	total	5	remain	5	wait	0
>>>>>>> e0ca0288da59fa5efb9d5c1542d547a08cb04500
>>>>>>> d276d87724896ed07d32ffa3b201503e43d55423
